<?xml version="1.0" encoding="UTF-8"?>
<testng-results skipped="0" failed="0" ignored="0" total="1" passed="1">
  <reporter-output>
  </reporter-output>
  <suite name="Suite" duration-ms="99" started-at="2017-09-12T19:07:55Z" finished-at="2017-09-12T19:07:55Z">
    <groups>
    </groups>
    <test name="Test" duration-ms="99" started-at="2017-09-12T19:07:55Z" finished-at="2017-09-12T19:07:55Z">
      <class name="firstPackage.ClassTwo">
        <test-method status="PASS" signature="test2()[pri:0, instance:firstPackage.ClassTwo@61832929]" name="test2" duration-ms="45" started-at="2017-09-12T14:07:55Z" finished-at="2017-09-12T14:07:55Z">
          <reporter-output>
          </reporter-output>
        </test-method> <!-- test2 -->
      </class> <!-- firstPackage.ClassTwo -->
    </test> <!-- Test -->
  </suite> <!-- Suite -->
</testng-results>
